{"C:\\Users\\User\\Documents\\vacancy\\modules\\core\\src\\app.ts": {"path":"C:\\Users\\User\\Documents\\vacancy\\modules\\core\\src\\app.ts","statementMap":{"0":{"start":{"line":10,"column":12},"end":{"line":10,"column":21}},"1":{"start":{"line":13,"column":0},"end":{"line":13,"column":24}},"2":{"start":{"line":14,"column":0},"end":{"line":14,"column":48}},"3":{"start":{"line":15,"column":0},"end":{"line":15,"column":24}},"4":{"start":{"line":16,"column":0},"end":{"line":16,"column":23}},"5":{"start":{"line":19,"column":0},"end":{"line":23,"column":4}},"6":{"start":{"line":26,"column":0},"end":{"line":30,"column":4}},"7":{"start":{"line":33,"column":16},"end":{"line":36,"column":2}},"8":{"start":{"line":37,"column":0},"end":{"line":37,"column":17}},"9":{"start":{"line":40,"column":0},"end":{"line":43,"column":3}},"10":{"start":{"line":41,"column":2},"end":{"line":41,"column":72}},"11":{"start":{"line":42,"column":2},"end":{"line":42,"column":9}},"12":{"start":{"line":46,"column":0},"end":{"line":52,"column":3}},"13":{"start":{"line":47,"column":2},"end":{"line":51,"column":5}},"14":{"start":{"line":54,"column":0},"end":{"line":67,"column":3}},"15":{"start":{"line":55,"column":17},"end":{"line":64,"column":3}},"16":{"start":{"line":65,"column":2},"end":{"line":65,"column":66}},"17":{"start":{"line":66,"column":2},"end":{"line":66,"column":19}},"18":{"start":{"line":70,"column":19},"end":{"line":70,"column":45}},"19":{"start":{"line":71,"column":0},"end":{"line":71,"column":54}},"20":{"start":{"line":72,"column":0},"end":{"line":72,"column":36}},"21":{"start":{"line":75,"column":0},"end":{"line":77,"column":3}},"22":{"start":{"line":76,"column":2},"end":{"line":76,"column":40}},"23":{"start":{"line":80,"column":0},"end":{"line":83,"column":3}},"24":{"start":{"line":81,"column":2},"end":{"line":81,"column":37}},"25":{"start":{"line":82,"column":2},"end":{"line":82,"column":59}}},"fnMap":{"0":{"name":"(anonymous_0)","decl":{"start":{"line":40,"column":8},"end":{"line":40,"column":9}},"loc":{"start":{"line":40,"column":28},"end":{"line":43,"column":1}},"line":40},"1":{"name":"(anonymous_1)","decl":{"start":{"line":46,"column":19},"end":{"line":46,"column":20}},"loc":{"start":{"line":46,"column":33},"end":{"line":52,"column":1}},"line":46},"2":{"name":"(anonymous_2)","decl":{"start":{"line":54,"column":23},"end":{"line":54,"column":24}},"loc":{"start":{"line":54,"column":37},"end":{"line":67,"column":1}},"line":54},"3":{"name":"(anonymous_3)","decl":{"start":{"line":75,"column":13},"end":{"line":75,"column":14}},"loc":{"start":{"line":75,"column":27},"end":{"line":77,"column":1}},"line":75},"4":{"name":"(anonymous_4)","decl":{"start":{"line":80,"column":8},"end":{"line":80,"column":9}},"loc":{"start":{"line":80,"column":97},"end":{"line":83,"column":1}},"line":80}},"branchMap":{},"s":{"0":2,"1":2,"2":2,"3":2,"4":2,"5":2,"6":2,"7":2,"8":2,"9":2,"10":5,"11":5,"12":2,"13":2,"14":2,"15":1,"16":1,"17":1,"18":2,"19":2,"20":2,"21":2,"22":1,"23":2,"24":0,"25":0},"f":{"0":5,"1":2,"2":1,"3":1,"4":0},"b":{},"_coverageSchema":"1a1c01bbd47fc00a2c39e90264f33305004495a9","hash":"11e23abb61dd531e0390fe34ac8d9e64b9b57f8b"}
}
