TN:
SF:src\application\services\EmailService.ts
FN:26,(anonymous_3)
FN:39,(anonymous_4)
FN:43,(anonymous_5)
FN:53,(anonymous_6)
FN:67,(anonymous_7)
FN:88,(anonymous_8)
FN:94,(anonymous_9)
FN:116,(anonymous_10)
FN:135,(anonymous_11)
FN:150,(anonymous_12)
FNF:10
FNH:10
FNDA:25,(anonymous_3)
FNDA:2,(anonymous_4)
FNDA:6,(anonymous_5)
FNDA:7,(anonymous_6)
FNDA:1,(anonymous_7)
FNDA:1,(anonymous_8)
FNDA:5,(anonymous_9)
FNDA:3,(anonymous_10)
FNDA:2,(anonymous_11)
FNDA:3,(anonymous_12)
DA:1,2
DA:2,2
DA:3,2
DA:4,2
DA:5,2
DA:22,2
DA:27,25
DA:36,25
DA:40,2
DA:44,6
DA:46,6
DA:47,6
DA:48,1
DA:51,6
DA:52,6
DA:54,7
DA:63,1
DA:69,1
DA:91,1
DA:96,5
DA:97,5
DA:99,2
DA:102,3
DA:103,3
DA:104,1
DA:107,2
DA:108,1
DA:111,1
DA:117,3
DA:119,3
DA:120,1
DA:123,2
DA:124,1
DA:127,1
DA:128,1
DA:136,2
DA:138,2
DA:139,1
DA:142,1
DA:143,1
DA:152,3
DA:153,3
DA:155,1
DA:158,2
DA:159,2
DA:160,1
DA:163,1
DA:164,1
LF:48
LH:48
BRDA:29,0,0,25
BRDA:29,0,1,24
BRDA:36,1,0,25
BRDA:36,1,1,1
BRDA:47,2,0,1
BRDA:48,3,0,1
BRDA:48,3,1,0
BRDA:97,4,0,5
BRDA:97,4,1,1
BRDA:103,5,0,1
BRDA:107,6,0,1
BRDA:119,7,0,1
BRDA:123,8,0,1
BRDA:127,9,0,1
BRDA:127,9,1,0
BRDA:138,10,0,1
BRDA:142,11,0,1
BRDA:142,11,1,0
BRDA:153,12,0,3
BRDA:153,12,1,0
BRDA:159,13,0,1
BRF:21
BRH:17
end_of_record
TN:
SF:src\domain\entities\User.ts
FN:29,(anonymous_0)
FN:42,(anonymous_1)
FN:46,(anonymous_2)
FN:50,(anonymous_3)
FNF:4
FNH:4
FNDA:26,(anonymous_0)
FNDA:1,(anonymous_1)
FNDA:1,(anonymous_2)
FNDA:4,(anonymous_3)
DA:17,8
DA:30,26
DA:31,26
DA:32,26
DA:33,26
DA:34,26
DA:35,26
DA:36,26
DA:37,26
DA:38,26
DA:39,26
DA:43,1
DA:47,1
DA:51,4
DA:52,4
LF:15
LH:15
BRF:0
BRH:0
end_of_record
TN:
SF:src\domain\entities\UserProfile.ts
FN:46,(anonymous_0)
FN:64,(anonymous_1)
FNF:2
FNH:2
FNDA:9,(anonymous_0)
FNDA:3,(anonymous_1)
DA:25,6
DA:47,9
DA:48,9
DA:49,9
DA:50,9
DA:51,9
DA:52,9
DA:53,9
DA:54,9
DA:55,9
DA:56,9
DA:57,9
DA:58,9
DA:59,9
DA:60,9
DA:61,9
DA:65,3
LF:17
LH:17
BRF:0
BRH:0
end_of_record
TN:
SF:src\domain\enums\ProfileType.ts
FN:1,(anonymous_0)
FNF:1
FNH:1
FNDA:6,(anonymous_0)
DA:1,6
DA:2,6
DA:3,6
LF:3
LH:3
BRDA:1,0,0,6
BRDA:1,0,1,6
BRF:2
BRH:2
end_of_record
TN:
SF:src\domain\enums\UserRole.ts
FN:4,(anonymous_0)
FNF:1
FNH:1
FNDA:9,(anonymous_0)
DA:4,9
DA:8,9
DA:13,9
LF:3
LH:3
BRDA:4,0,0,9
BRDA:4,0,1,9
BRF:2
BRH:2
end_of_record
TN:
SF:src\domain\enums\UserStatus.ts
FN:1,(anonymous_0)
FNF:1
FNH:1
FNDA:8,(anonymous_0)
DA:1,8
DA:2,8
DA:3,8
DA:4,8
DA:5,8
LF:5
LH:5
BRDA:1,0,0,8
BRDA:1,0,1,8
BRF:2
BRH:2
end_of_record
TN:
SF:src\infrastructure\adapters\PrismaAdapter.ts
FN:9,(anonymous_0)
FN:29,(anonymous_1)
FN:53,(anonymous_2)
FN:64,(anonymous_3)
FN:79,(anonymous_4)
FN:90,(anonymous_5)
FN:101,(anonymous_6)
FN:116,(anonymous_7)
FNF:8
FNH:7
FNDA:10,(anonymous_0)
FNDA:3,(anonymous_1)
FNDA:12,(anonymous_2)
FNDA:14,(anonymous_3)
FNDA:3,(anonymous_4)
FNDA:3,(anonymous_5)
FNDA:5,(anonymous_6)
FNDA:0,(anonymous_7)
DA:2,5
DA:3,5
DA:4,5
DA:5,5
DA:6,5
DA:8,5
DA:10,10
DA:11,1
DA:14,9
DA:26,9
DA:30,3
DA:31,0
DA:34,3
DA:54,12
DA:56,1
DA:58,10
DA:60,1
DA:65,14
DA:67,10
DA:69,1
DA:71,1
DA:73,1
DA:75,1
DA:80,3
DA:82,2
DA:84,1
DA:86,0
DA:91,3
DA:93,1
DA:95,1
DA:97,1
DA:102,5
DA:104,1
DA:106,1
DA:108,1
DA:110,1
DA:112,1
DA:117,0
DA:119,0
DA:121,0
DA:123,0
LF:41
LH:35
BRDA:10,0,0,1
BRDA:30,1,0,0
BRDA:38,2,0,1
BRDA:38,2,1,2
BRDA:39,3,0,1
BRDA:39,3,1,2
BRDA:40,4,0,1
BRDA:40,4,1,2
BRDA:41,5,0,1
BRDA:41,5,1,2
BRDA:42,6,0,1
BRDA:42,6,1,2
BRDA:43,7,0,1
BRDA:43,7,1,2
BRDA:46,8,0,1
BRDA:46,8,1,2
BRDA:54,9,0,1
BRDA:54,9,1,10
BRDA:54,9,2,1
BRDA:65,10,0,10
BRDA:65,10,1,1
BRDA:65,10,2,1
BRDA:65,10,3,1
BRDA:65,10,4,1
BRDA:80,11,0,2
BRDA:80,11,1,1
BRDA:80,11,2,0
BRDA:91,12,0,1
BRDA:91,12,1,1
BRDA:91,12,2,1
BRDA:102,13,0,1
BRDA:102,13,1,1
BRDA:102,13,2,1
BRDA:102,13,3,1
BRDA:102,13,4,1
BRDA:117,14,0,0
BRDA:117,14,1,0
BRDA:117,14,2,0
BRF:38
BRH:33
end_of_record
TN:
SF:src\infrastructure\http\middleware\auth.ts
FN:21,(anonymous_1)
FN:22,(anonymous_2)
FN:69,(anonymous_3)
FN:70,(anonymous_4)
FNF:4
FNH:4
FNDA:49,(anonymous_1)
FNDA:14,(anonymous_2)
FNDA:70,(anonymous_3)
FNDA:8,(anonymous_4)
DA:2,3
DA:21,3
DA:22,49
DA:23,14
DA:24,14
DA:25,14
DA:26,3
DA:29,11
DA:30,11
DA:31,1
DA:34,10
DA:35,10
DA:36,1
DA:37,1
DA:40,9
DA:42,8
DA:43,8
DA:44,7
DA:45,2
DA:48,5
DA:54,5
DA:56,1
DA:57,1
DA:60,1
DA:61,1
DA:63,0
DA:64,0
DA:69,3
DA:70,70
DA:71,8
DA:72,1
DA:75,7
DA:76,3
DA:79,4
LF:34
LH:32
BRDA:25,0,0,3
BRDA:30,1,0,1
BRDA:30,2,0,11
BRDA:30,2,1,10
BRDA:35,3,0,1
BRDA:44,4,0,2
BRDA:60,5,0,1
BRDA:71,6,0,1
BRDA:75,7,0,3
BRF:9
BRH:9
end_of_record
TN:
SF:src\infrastructure\http\middleware\validate.ts
FN:4,validate
FN:5,(anonymous_1)
FNF:2
FNH:2
FNDA:61,validate
FNDA:11,(anonymous_1)
DA:4,2
DA:5,61
DA:6,11
DA:7,11
DA:8,8
DA:10,3
LF:6
LH:6
BRF:0
BRH:0
end_of_record
TN:
SF:src\infrastructure\http\routes\authRoutes.ts
FN:15,(anonymous_0)
FN:189,(anonymous_1)
FN:199,(anonymous_2)
FN:209,(anonymous_3)
FN:219,(anonymous_4)
FN:229,(anonymous_5)
FN:239,(anonymous_6)
FN:23,(anonymous_7)
FN:72,(anonymous_8)
FN:128,(anonymous_9)
FN:172,(anonymous_10)
FN:243,(anonymous_11)
FNF:12
FNH:9
FNDA:19,(anonymous_0)
FNDA:0,(anonymous_1)
FNDA:0,(anonymous_2)
FNDA:2,(anonymous_3)
FNDA:2,(anonymous_4)
FNDA:2,(anonymous_5)
FNDA:0,(anonymous_6)
FNDA:19,(anonymous_7)
FNDA:2,(anonymous_8)
FNDA:2,(anonymous_9)
FNDA:1,(anonymous_10)
FNDA:19,(anonymous_11)
DA:1,1
DA:2,1
DA:3,1
DA:4,1
DA:6,1
DA:7,1
DA:9,1
DA:16,19
DA:17,19
DA:18,19
DA:19,19
DA:20,19
DA:64,19
DA:73,2
DA:74,2
DA:75,2
DA:76,1
DA:78,1
DA:119,19
DA:129,2
DA:130,2
DA:131,2
DA:132,2
DA:133,1
DA:135,1
DA:141,19
DA:142,19
DA:143,19
DA:146,19
DA:172,19
DA:173,1
DA:174,1
DA:175,0
DA:177,1
DA:178,1
DA:179,0
DA:181,1
DA:183,0
DA:184,0
DA:189,19
DA:190,0
DA:191,0
DA:192,0
DA:193,0
DA:195,0
DA:199,19
DA:200,0
DA:201,0
DA:202,0
DA:203,0
DA:205,0
DA:209,19
DA:210,2
DA:211,2
DA:212,2
DA:213,1
DA:215,1
DA:219,19
DA:220,2
DA:221,2
DA:222,2
DA:223,1
DA:225,1
DA:229,19
DA:230,2
DA:231,2
DA:232,2
DA:233,1
DA:235,1
DA:239,19
DA:240,0
DA:244,19
LF:72
LH:57
BRDA:17,0,0,19
BRDA:17,0,1,1
BRDA:18,1,0,19
BRDA:18,1,1,1
BRDA:174,2,0,0
BRDA:178,3,0,0
BRF:6
BRH:4
end_of_record
TN:
SF:src\infrastructure\http\routes\emailRoutes.ts
FN:15,(anonymous_0)
FN:24,(anonymous_1)
FN:124,(anonymous_2)
FN:128,(anonymous_3)
FN:141,(anonymous_4)
FN:154,(anonymous_5)
FN:167,(anonymous_6)
FN:180,(anonymous_7)
FN:196,(anonymous_8)
FNF:9
FNH:8
FNDA:23,(anonymous_0)
FNDA:23,(anonymous_1)
FNDA:21,(anonymous_2)
FNDA:3,(anonymous_3)
FNDA:3,(anonymous_4)
FNDA:3,(anonymous_5)
FNDA:3,(anonymous_6)
FNDA:2,(anonymous_7)
FNDA:0,(anonymous_8)
DA:1,1
DA:2,1
DA:3,1
DA:4,1
DA:6,1
DA:7,1
DA:9,1
DA:16,23
DA:17,23
DA:18,23
DA:19,23
DA:20,23
DA:21,23
DA:66,23
DA:110,23
DA:118,23
DA:119,23
DA:120,23
DA:121,23
DA:125,21
DA:129,3
DA:130,3
DA:131,3
DA:132,1
DA:134,2
DA:135,1
DA:137,2
DA:142,3
DA:143,3
DA:144,3
DA:145,1
DA:147,2
DA:148,1
DA:150,2
DA:155,3
DA:156,3
DA:157,3
DA:158,1
DA:160,2
DA:161,1
DA:163,2
DA:168,3
DA:169,3
DA:170,3
DA:171,1
DA:173,2
DA:174,1
DA:176,2
DA:181,2
DA:182,2
DA:183,2
DA:190,1
DA:192,1
DA:197,0
DA:198,0
DA:199,0
DA:201,0
LF:57
LH:53
BRDA:17,0,0,23
BRDA:17,0,1,1
BRDA:19,1,0,23
BRDA:19,1,1,1
BRDA:131,2,0,1
BRDA:144,3,0,1
BRDA:157,4,0,1
BRDA:170,5,0,1
BRDA:170,6,0,3
BRDA:170,6,1,2
BRDA:184,7,0,2
BRDA:184,7,1,0
BRF:12
BRH:11
end_of_record
TN:
SF:src\infrastructure\messaging\CircuitBreaker.ts
FN:13,(anonymous_0)
FN:27,(anonymous_1)
FN:40,(anonymous_2)
FN:59,(anonymous_3)
FN:71,(anonymous_4)
FN:84,(anonymous_5)
FN:98,(anonymous_6)
FN:102,(anonymous_7)
FN:106,(anonymous_8)
FN:110,(anonymous_9)
FN:114,(anonymous_10)
FN:115,(anonymous_11)
FNF:12
FNH:12
FNDA:2,(anonymous_0)
FNDA:12,(anonymous_1)
FNDA:21,(anonymous_2)
FNDA:5,(anonymous_3)
FNDA:15,(anonymous_4)
FNDA:11,(anonymous_5)
FNDA:8,(anonymous_6)
FNDA:3,(anonymous_7)
FNDA:1,(anonymous_8)
FNDA:2,(anonymous_9)
FNDA:11,(anonymous_10)
FNDA:1,(anonymous_11)
DA:7,2
DA:13,2
DA:14,2
DA:15,2
DA:16,2
DA:19,2
DA:28,12
DA:33,12
DA:34,12
DA:35,12
DA:36,12
DA:37,12
DA:41,21
DA:42,4
DA:43,3
DA:45,1
DA:49,20
DA:50,20
DA:51,5
DA:52,5
DA:54,15
DA:55,15
DA:60,5
DA:61,4
DA:62,4
DA:63,1
DA:65,1
DA:66,1
DA:67,1
DA:72,15
DA:74,15
DA:75,1
DA:76,14
DA:77,14
DA:78,14
DA:79,6
DA:85,11
DA:86,11
DA:87,11
DA:89,11
DA:90,1
DA:91,1
DA:92,10
DA:93,3
DA:99,8
DA:103,3
DA:107,1
DA:111,2
DA:115,11
LF:49
LH:49
BRDA:13,0,0,2
BRDA:13,0,1,2
BRDA:27,1,0,1
BRDA:29,2,0,12
BRDA:29,2,1,1
BRDA:30,3,0,12
BRDA:30,3,1,1
BRDA:31,4,0,12
BRDA:31,4,1,1
BRDA:41,5,0,4
BRDA:42,6,0,3
BRDA:42,6,1,1
BRDA:60,7,0,4
BRDA:60,7,1,1
BRDA:62,8,0,1
BRDA:65,9,0,1
BRDA:74,10,0,1
BRDA:74,10,1,14
BRDA:76,11,0,14
BRDA:78,12,0,6
BRDA:85,13,0,11
BRDA:89,14,0,1
BRDA:89,14,1,10
BRDA:92,15,0,3
BRF:24
BRH:24
end_of_record
TN:
SF:src\infrastructure\messaging\DeadLetterQueue.ts
FN:13,(anonymous_0)
FN:18,(anonymous_1)
FN:39,(anonymous_2)
FN:43,(anonymous_3)
FN:47,(anonymous_4)
FN:51,(anonymous_5)
FN:59,(anonymous_6)
FN:63,(anonymous_7)
FNF:8
FNH:8
FNDA:15,(anonymous_0)
FNDA:12,(anonymous_1)
FNDA:8,(anonymous_2)
FNDA:3,(anonymous_3)
FNDA:3,(anonymous_4)
FNDA:2,(anonymous_5)
FNDA:1,(anonymous_6)
FNDA:7,(anonymous_7)
DA:9,2
DA:14,15
DA:15,15
DA:25,12
DA:26,1
DA:27,1
DA:30,12
DA:40,8
DA:44,3
DA:48,3
DA:52,2
DA:53,2
DA:54,1
DA:56,2
DA:60,1
DA:64,7
LF:16
LH:16
BRDA:13,0,0,1
BRDA:25,1,0,1
BRDA:53,2,0,1
BRF:3
BRH:3
end_of_record
TN:
SF:src\infrastructure\messaging\MessagingMetrics.ts
FN:19,(anonymous_0)
FN:26,(anonymous_1)
FN:33,(anonymous_2)
FN:39,(anonymous_3)
FN:45,(anonymous_4)
FN:52,(anonymous_5)
FN:60,(anonymous_6)
FN:68,(anonymous_7)
FN:72,(anonymous_8)
FN:76,(anonymous_9)
FN:80,(anonymous_10)
FN:85,(anonymous_11)
FN:87,(anonymous_12)
FN:92,(anonymous_13)
FN:97,(anonymous_14)
FN:102,(anonymous_15)
FN:107,(anonymous_16)
FN:109,(anonymous_17)
FN:126,(anonymous_18)
FN:139,(anonymous_19)
FN:141,(anonymous_20)
FN:145,(anonymous_21)
FN:149,(anonymous_22)
FNF:23
FNH:23
FNDA:8,(anonymous_0)
FNDA:10,(anonymous_1)
FNDA:3,(anonymous_2)
FNDA:2,(anonymous_3)
FNDA:2,(anonymous_4)
FNDA:6,(anonymous_5)
FNDA:7,(anonymous_6)
FNDA:2,(anonymous_7)
FNDA:1,(anonymous_8)
FNDA:3,(anonymous_9)
FNDA:3,(anonymous_10)
FNDA:1,(anonymous_11)
FNDA:2,(anonymous_12)
FNDA:2,(anonymous_13)
FNDA:2,(anonymous_14)
FNDA:2,(anonymous_15)
FNDA:2,(anonymous_16)
FNDA:3,(anonymous_17)
FNDA:17,(anonymous_18)
FNDA:2,(anonymous_19)
FNDA:2,(anonymous_20)
FNDA:2,(anonymous_21)
FNDA:2,(anonymous_22)
DA:14,2
DA:20,8
DA:21,8
DA:22,8
DA:27,10
DA:28,10
DA:29,10
DA:30,10
DA:34,3
DA:35,3
DA:36,3
DA:40,2
DA:41,2
DA:42,2
DA:46,2
DA:47,2
DA:48,2
DA:53,6
DA:61,7
DA:69,2
DA:73,1
DA:77,3
DA:81,3
DA:86,1
DA:87,2
DA:91,1
DA:92,2
DA:96,1
DA:97,2
DA:101,1
DA:102,2
DA:106,1
DA:107,1
DA:108,2
DA:109,3
DA:110,2
DA:114,1
DA:127,17
DA:128,8
DA:140,2
DA:141,2
DA:144,2
DA:145,2
DA:149,2
DA:150,2
LF:45
LH:45
BRDA:108,0,0,2
BRDA:127,1,0,8
BRF:2
BRH:2
end_of_record
TN:
SF:src\infrastructure\messaging\RedisClient.ts
FN:16,(anonymous_1)
FN:22,(anonymous_2)
FN:33,(anonymous_3)
FN:46,(anonymous_4)
FN:62,(anonymous_5)
FN:75,(anonymous_6)
FN:85,(anonymous_7)
FN:86,(anonymous_8)
FN:96,(anonymous_9)
FN:105,(anonymous_10)
FNF:10
FNH:10
FNDA:16,(anonymous_1)
FNDA:1,(anonymous_2)
FNDA:3,(anonymous_3)
FNDA:4,(anonymous_4)
FNDA:3,(anonymous_5)
FNDA:18,(anonymous_6)
FNDA:36,(anonymous_7)
FNDA:2,(anonymous_8)
FNDA:2,(anonymous_9)
FNDA:1,(anonymous_10)
DA:1,2
DA:2,2
DA:11,2
DA:17,16
DA:18,16
DA:19,16
DA:20,16
DA:22,16
DA:23,1
DA:24,1
DA:25,0
DA:27,1
DA:34,3
DA:35,1
DA:38,2
DA:39,2
DA:40,2
DA:42,1
DA:47,4
DA:48,1
DA:50,3
DA:51,1
DA:54,2
DA:55,2
DA:56,1
DA:58,1
DA:63,3
DA:64,1
DA:67,2
DA:68,2
DA:69,1
DA:71,1
DA:76,18
DA:77,18
DA:82,18
DA:84,18
DA:85,36
DA:86,2
DA:88,18
DA:89,2
DA:92,2
DA:97,2
DA:98,2
DA:99,1
DA:101,1
DA:109,1
LF:46
LH:45
BRDA:34,0,0,1
BRDA:34,1,0,3
BRDA:34,1,1,2
BRDA:47,2,0,1
BRDA:47,3,0,4
BRDA:47,3,1,3
BRDA:50,4,0,1
BRDA:50,5,0,3
BRDA:50,5,1,2
BRDA:63,6,0,1
BRDA:63,7,0,3
BRDA:63,7,1,2
BRDA:88,8,0,2
BRF:13
BRH:13
end_of_record
TN:
SF:src\infrastructure\messaging\ResilientRedisEventService.ts
FN:21,(anonymous_0)
FN:35,(anonymous_1)
FN:40,(anonymous_2)
FN:50,(anonymous_3)
FN:51,(anonymous_4)
FN:64,(anonymous_5)
FN:68,(anonymous_6)
FN:69,(anonymous_7)
FN:70,(anonymous_8)
FN:85,(anonymous_9)
FN:99,(anonymous_10)
FN:103,(anonymous_11)
FN:107,(anonymous_12)
FN:115,(anonymous_13)
FN:119,(anonymous_14)
FN:123,(anonymous_15)
FN:127,(anonymous_16)
FN:131,(anonymous_17)
FNF:18
FNH:18
FNDA:15,(anonymous_0)
FNDA:1,(anonymous_1)
FNDA:2,(anonymous_2)
FNDA:1,(anonymous_3)
FNDA:1,(anonymous_4)
FNDA:3,(anonymous_5)
FNDA:3,(anonymous_6)
FNDA:3,(anonymous_7)
FNDA:2,(anonymous_8)
FNDA:1,(anonymous_9)
FNDA:2,(anonymous_10)
FNDA:1,(anonymous_11)
FNDA:3,(anonymous_12)
FNDA:3,(anonymous_13)
FNDA:3,(anonymous_14)
FNDA:1,(anonymous_15)
FNDA:2,(anonymous_16)
FNDA:2,(anonymous_17)
DA:1,1
DA:2,1
DA:3,1
DA:4,1
DA:5,1
DA:14,1
DA:28,15
DA:29,15
DA:30,15
DA:31,15
DA:32,15
DA:35,15
DA:36,1
DA:41,2
DA:42,2
DA:49,2
DA:50,2
DA:51,1
DA:52,1
DA:56,1
DA:57,1
DA:59,1
DA:60,1
DA:68,3
DA:69,3
DA:70,3
DA:71,2
DA:72,2
DA:73,2
DA:74,1
DA:75,1
DA:77,1
DA:78,1
DA:89,1
DA:90,1
DA:100,2
DA:104,1
DA:111,3
DA:116,3
DA:120,3
DA:124,1
DA:128,2
DA:136,2
DA:142,2
LF:44
LH:44
BRDA:29,0,0,15
BRDA:29,0,1,1
BRDA:30,1,0,15
BRDA:30,1,1,1
BRDA:31,2,0,15
BRDA:31,2,1,1
BRDA:32,3,0,15
BRDA:32,3,1,1
BRF:8
BRH:8
end_of_record
TN:
SF:src\infrastructure\messaging\RetryManager.ts
FN:18,(anonymous_0)
FN:35,(anonymous_1)
FN:61,(anonymous_2)
FN:65,(anonymous_3)
FN:68,(anonymous_4)
FNF:5
FNH:5
FNDA:31,(anonymous_0)
FNDA:11,(anonymous_1)
FNDA:16,(anonymous_2)
FNDA:1,(anonymous_3)
FNDA:5,(anonymous_4)
DA:8,2
DA:15,2
DA:19,31
DA:20,2
DA:22,29
DA:23,1
DA:25,28
DA:26,1
DA:28,27
DA:29,2
DA:32,25
DA:36,11
DA:37,3
DA:40,8
DA:41,8
DA:43,8
DA:44,22
DA:45,22
DA:47,19
DA:48,5
DA:49,5
DA:52,14
DA:53,14
DA:54,14
DA:58,0
DA:62,16
DA:63,15
DA:65,1
DA:69,5
LF:29
LH:28
BRDA:18,0,0,1
BRDA:19,1,0,2
BRDA:19,2,0,31
BRDA:19,2,1,25
BRDA:22,3,0,1
BRDA:22,4,0,29
BRDA:22,4,1,24
BRDA:25,5,0,1
BRDA:25,6,0,28
BRDA:25,6,1,23
BRDA:28,7,0,2
BRDA:28,8,0,27
BRDA:28,8,1,24
BRDA:36,9,0,3
BRDA:36,10,0,11
BRDA:36,10,1,9
BRDA:47,11,0,5
BRDA:48,12,0,2
BRDA:48,12,1,3
BRDA:62,13,0,15
BRF:20
BRH:20
end_of_record
TN:
SF:src\infrastructure\repositories\UserRepository.ts
FN:19,(anonymous_0)
FN:23,(anonymous_1)
FN:36,(anonymous_2)
FN:44,(anonymous_3)
FN:52,(anonymous_4)
FN:64,(anonymous_5)
FN:77,(anonymous_6)
FN:90,(anonymous_7)
FNF:8
FNH:8
FNDA:16,(anonymous_0)
FNDA:3,(anonymous_1)
FNDA:2,(anonymous_2)
FNDA:2,(anonymous_3)
FNDA:2,(anonymous_4)
FNDA:3,(anonymous_5)
FNDA:3,(anonymous_6)
FNDA:3,(anonymous_7)
DA:1,4
DA:3,4
DA:4,4
DA:5,4
DA:16,4
DA:20,16
DA:24,3
DA:33,2
DA:37,2
DA:41,2
DA:45,2
DA:49,2
DA:53,2
DA:61,1
DA:65,3
DA:66,3
DA:70,2
DA:71,1
DA:73,1
DA:78,3
DA:80,3
DA:89,3
DA:90,3
LF:23
LH:23
BRDA:27,0,0,3
BRDA:27,0,1,0
BRDA:28,1,0,3
BRDA:28,1,1,0
BRDA:29,2,0,3
BRDA:29,2,1,3
BRDA:41,3,0,1
BRDA:41,3,1,1
BRDA:49,4,0,1
BRDA:49,4,1,1
BRDA:70,5,0,1
BRDA:70,6,0,2
BRDA:70,6,1,1
BRDA:77,7,0,0
BRDA:77,8,0,0
BRF:15
BRH:11
end_of_record
